\BOOKMARK [0][-]{chapter.1}{Introduction}{}% 1
\BOOKMARK [1][-]{section.1.1}{Early Assessment}{chapter.1}% 2
\BOOKMARK [1][-]{section.1.2}{Background}{chapter.1}% 3
\BOOKMARK [1][-]{section.1.3}{Research Questions}{chapter.1}% 4
\BOOKMARK [2][-]{subsection.1.3.1}{Methodological}{section.1.3}% 5
\BOOKMARK [2][-]{subsection.1.3.2}{Epidemiological}{section.1.3}% 6
\BOOKMARK [0][-]{chapter.2}{Key Issues}{}% 7
\BOOKMARK [1][-]{section.2.1}{Missingness}{chapter.2}% 8
\BOOKMARK [1][-]{section.2.2}{Clustering and Cluster Validation}{chapter.2}% 9
\BOOKMARK [1][-]{section.2.3}{Growth Trajectories}{chapter.2}% 10
\BOOKMARK [0][-]{chapter.3}{Literature Review}{}% 11
\BOOKMARK [1][-]{section.3.1}{Imputation}{chapter.3}% 12
\BOOKMARK [1][-]{section.3.2}{Clustering}{chapter.3}% 13
\BOOKMARK [1][-]{section.3.3}{Growth vs Asthma}{chapter.3}% 14
\BOOKMARK [1][-]{section.3.4}{Regression Modelling}{chapter.3}% 15
\BOOKMARK [0][-]{chapter.4}{Progress}{}% 16
\BOOKMARK [1][-]{section.4.1}{Presentation Skills}{chapter.4}% 17
\BOOKMARK [1][-]{section.4.2}{Approvals and training}{chapter.4}% 18
\BOOKMARK [1][-]{section.4.3}{Italian Partners}{chapter.4}% 19
\BOOKMARK [1][-]{section.4.4}{ACERO Symposium}{chapter.4}% 20
\BOOKMARK [1][-]{section.4.5}{FARR International}{chapter.4}% 21
\BOOKMARK [1][-]{section.4.6}{FARR PhD Symposium}{chapter.4}% 22
\BOOKMARK [0][-]{chapter.5}{Future Plans}{}% 23
\BOOKMARK [1][-]{section.5.1}{The next steps:}{chapter.5}% 24
