\BOOKMARK [0][-]{chapter.1}{Introduction}{}
\BOOKMARK [1][-]{section.1.1}{Overview}{chapter.1}
\BOOKMARK [1][-]{section.1.2}{Motivation}{chapter.1}
\BOOKMARK [1][-]{section.1.3}{Primary Goals}{chapter.1}
\BOOKMARK [1][-]{section.1.4}{Secondary Goals}{chapter.1}
\BOOKMARK [0][-]{chapter.2}{Background}{}
\BOOKMARK [1][-]{section.2.1}{Particle Swarm Optimisation}{chapter.2}
\BOOKMARK [1][-]{section.2.2}{Portfolio Optimisation}{chapter.2}
\BOOKMARK [1][-]{section.2.3}{Haskell}{chapter.2}
\BOOKMARK [0][-]{chapter.3}{Related Work}{}
\BOOKMARK [1][-]{section.3.1}{Markowitz Model}{chapter.3}
\BOOKMARK [1][-]{section.3.2}{Hill Climbing}{chapter.3}
\BOOKMARK [0][-]{chapter.4}{Problem Domain}{}
\BOOKMARK [1][-]{section.4.1}{Approach}{chapter.4}
\BOOKMARK [0][-]{chapter.5}{Requirements}{}
\BOOKMARK [1][-]{section.5.1}{Functional}{chapter.5}
\BOOKMARK [1][-]{section.5.2}{Non-functional}{chapter.5}
\BOOKMARK [0][-]{chapter.6}{Risk Assessment}{}
\BOOKMARK [1][-]{section.6.1}{Social Risk Assessment}{chapter.6}
\BOOKMARK [1][-]{section.6.2}{Project Based Risk Assessment}{chapter.6}
\BOOKMARK [2][-]{subsection.6.2.1}{Haskell}{section.6.2}
\BOOKMARK [2][-]{subsection.6.2.2}{PSO}{section.6.2}
\BOOKMARK [2][-]{subsection.6.2.3}{Portfolio}{section.6.2}
\BOOKMARK [2][-]{subsection.6.2.4}{Finance}{section.6.2}
\BOOKMARK [0][-]{chapter.7}{Methodology and Technologies}{}
\BOOKMARK [1][-]{section.7.1}{Methodology}{chapter.7}
\BOOKMARK [1][-]{section.7.2}{Technology}{chapter.7}
\BOOKMARK [2][-]{subsection.7.2.1}{Haskell}{section.7.2}
\BOOKMARK [2][-]{subsection.7.2.2}{Operating System}{section.7.2}
\BOOKMARK [0][-]{chapter.8}{System Design and Architecture}{}
\BOOKMARK [1][-]{section.8.1}{Original PSO Implementation}{chapter.8}
\BOOKMARK [2][-]{subsection.8.1.1}{Initialisation}{section.8.1}
\BOOKMARK [2][-]{subsection.8.1.2}{Inertia Weights}{section.8.1}
\BOOKMARK [2][-]{subsection.8.1.3}{Optimisation}{section.8.1}
\BOOKMARK [2][-]{subsection.8.1.4}{Termination}{section.8.1}
\BOOKMARK [1][-]{section.8.2}{Expansion for Portfolio Optimisation}{chapter.8}
\BOOKMARK [2][-]{subsection.8.2.1}{Interface and User Input}{section.8.2}
\BOOKMARK [2][-]{subsection.8.2.2}{Data \(asset\) file}{section.8.2}
\BOOKMARK [2][-]{subsection.8.2.3}{Constriction Factor}{section.8.2}
\BOOKMARK [2][-]{subsection.8.2.4}{Termination}{section.8.2}
\BOOKMARK [2][-]{subsection.8.2.5}{Fitness Function}{section.8.2}
\BOOKMARK [2][-]{subsection.8.2.6}{Penalty function}{section.8.2}
\BOOKMARK [2][-]{subsection.8.2.7}{Forced Diversification}{section.8.2}
\BOOKMARK [2][-]{subsection.8.2.8}{Presenting the Results}{section.8.2}
\BOOKMARK [0][-]{chapter.9}{Experimentation and Testing}{}
\BOOKMARK [1][-]{section.9.1}{Scalability}{chapter.9}
\BOOKMARK [1][-]{section.9.2}{Precision}{chapter.9}
\BOOKMARK [2][-]{subsection.9.2.1}{Testing Strategy}{section.9.2}
\BOOKMARK [2][-]{subsection.9.2.2}{Hypothesis}{section.9.2}
\BOOKMARK [2][-]{subsection.9.2.3}{Results}{section.9.2}
\BOOKMARK [2][-]{subsection.9.2.4}{Conclusion}{section.9.2}
\BOOKMARK [1][-]{section.9.3}{Constriction Factors}{chapter.9}
\BOOKMARK [2][-]{subsection.9.3.1}{Testing Strategy}{section.9.3}
\BOOKMARK [2][-]{subsection.9.3.2}{Hypothesis}{section.9.3}
\BOOKMARK [2][-]{subsection.9.3.3}{Results}{section.9.3}
\BOOKMARK [2][-]{subsection.9.3.4}{Conclusion}{section.9.3}
\BOOKMARK [1][-]{section.9.4}{Penalty value}{chapter.9}
\BOOKMARK [2][-]{subsection.9.4.1}{Testing Strategy}{section.9.4}
\BOOKMARK [2][-]{subsection.9.4.2}{Hypothesis}{section.9.4}
\BOOKMARK [2][-]{subsection.9.4.3}{Results}{section.9.4}
\BOOKMARK [2][-]{subsection.9.4.4}{Conclusion}{section.9.4}
\BOOKMARK [1][-]{section.9.5}{Parameter Investigation}{chapter.9}
\BOOKMARK [2][-]{subsection.9.5.1}{Testing Strategy}{section.9.5}
\BOOKMARK [2][-]{subsection.9.5.2}{Hypothesis}{section.9.5}
\BOOKMARK [2][-]{subsection.9.5.3}{Results}{section.9.5}
\BOOKMARK [2][-]{subsection.9.5.4}{Conclusion}{section.9.5}
\BOOKMARK [0][-]{chapter.10}{Future Work}{}
\BOOKMARK [1][-]{section.10.1}{PSO}{chapter.10}
\BOOKMARK [2][-]{subsection.10.1.1}{Inertia weights}{section.10.1}
\BOOKMARK [2][-]{subsection.10.1.2}{Parallel Programming}{section.10.1}
\BOOKMARK [2][-]{subsection.10.1.3}{Self-termination}{section.10.1}
\BOOKMARK [1][-]{section.10.2}{Asset's covariance and Real-Time Processing}{chapter.10}
\BOOKMARK [2][-]{subsection.10.2.1}{Covariance}{section.10.2}
\BOOKMARK [2][-]{subsection.10.2.2}{Real-Time Processing}{section.10.2}
\BOOKMARK [1][-]{section.10.3}{Diversification}{chapter.10}
\BOOKMARK [0][-]{chapter.11}{Evaluation and Conclusion}{}
\BOOKMARK [1][-]{section.11.1}{Evaluation}{chapter.11}
\BOOKMARK [1][-]{section.11.2}{Testing Conclusion}{chapter.11}
\BOOKMARK [1][-]{section.11.3}{Problems encountered}{chapter.11}
\BOOKMARK [1][-]{section.11.4}{Discussion}{chapter.11}
\BOOKMARK [1][-]{section.11.5}{Conclusion}{chapter.11}
